<?xml version="1.0" encoding="UTF-8"?>
<testsuites name="Testsuite User" time="2.449" tests="3" failures="0" errors="3">
   <testsuite name="Testsuite User" tests="3" failures="0" errors="3" time="2.449" timestamp="2020-05-29 11:47:04" hostname="Katamina - DESKTOP-7F1C33B" id="Test Suites/User/Testsuite User">
      <properties>
         <property name="deviceName" value=""/>
         <property name="devicePlatform" value=""/>
         <property name="logFolder" value="E:\\KatalonTest\\Reports\\20200529_114657\\User\\Testsuite User\\20200529_114657"/>
         <property name="logFiles" value="E:\\KatalonTest\\Reports\\20200529_114657\\User\\Testsuite User\\20200529_114657\\execution0.log"/>
         <property name="attachments" value=""/>
         <property name="hostName" value="Katamina - DESKTOP-7F1C33B"/>
         <property name="hostAddress" value="169.254.57.70"/>
         <property name="os" value="Windows 10 64bit"/>
         <property name="katalonVersion" value="7.5.2.1"/>
      </properties>
      <testcase name="Test Cases/Testcase Login" time="0.738" classname="Test Cases/Testcase Login" status="ERROR">
         <error type="ERROR" message="Test Cases/Testcase Login FAILED.
Reason:
org.codehaus.groovy.control.MultipleCompilationErrorsException: startup failed:
file:/E:/KatalonTest/Scripts/Testcase%20Login/Script1590725752340.groovy: 29: The current scope already contains a variable of the name a
 @ line 29, column 2.
   }catch(Exception a){
    ^

file:/E:/KatalonTest/Scripts/Testcase%20Login/Script1590725752340.groovy: 28: unable to resolve class HttpTextBodyContent 
 @ line 28, column 25.
    request.setBodyContent(new HttpTextBodyContent(json.toString(), &quot;application/json&quot;))	
                           ^

2 errors

	at com.kms.katalon.core.main.ScriptEngine.getScript(ScriptEngine.java:199)
	at com.kms.katalon.core.main.ScriptEngine.run(ScriptEngine.java:194)
	at com.kms.katalon.core.main.ScriptEngine.runScriptAsRawText(ScriptEngine.java:119)
	at com.kms.katalon.core.main.TestCaseExecutor.runScript(TestCaseExecutor.java:337)
	at com.kms.katalon.core.main.TestCaseExecutor.doExecute(TestCaseExecutor.java:328)
	at com.kms.katalon.core.main.TestCaseExecutor.processExecutionPhase(TestCaseExecutor.java:307)
	at com.kms.katalon.core.main.TestCaseExecutor.accessMainPhase(TestCaseExecutor.java:299)
	at com.kms.katalon.core.main.TestCaseExecutor.execute(TestCaseExecutor.java:233)
	at com.kms.katalon.core.main.TestSuiteExecutor.accessTestCaseMainPhase(TestSuiteExecutor.java:169)
	at com.kms.katalon.core.main.TestSuiteExecutor.accessTestSuiteMainPhase(TestSuiteExecutor.java:142)
	at com.kms.katalon.core.main.TestSuiteExecutor.execute(TestSuiteExecutor.java:91)
	at com.kms.katalon.core.main.TestCaseMain.startTestSuite(TestCaseMain.java:157)
	at com.kms.katalon.core.main.TestCaseMain$startTestSuite$0.call(Unknown Source)
	at TempTestSuite1590727617896.run(TempTestSuite1590727617896.groovy:37)
"/>
         <system-out><![CDATA[2020-05-29 11:47:05 - [TEST_CASE][ERROR] - Test Cases/Testcase Login: Test Cases/Testcase Login FAILED.
Reason:
org.codehaus.groovy.control.MultipleCompilationErrorsException: startup failed:
file:/E:/KatalonTest/Scripts/Testcase%20Login/Script1590725752340.groovy: 29: The current scope already contains a variable of the name a
 @ line 29, column 2.
   }catch(Exception a){
    ^

file:/E:/KatalonTest/Scripts/Testcase%20Login/Script1590725752340.groovy: 28: unable to resolve class HttpTextBodyContent 
 @ line 28, column 25.
    request.setBodyContent(new HttpTextBodyContent(json.toString(), "application/json"))	
                           ^

2 errors

	at com.kms.katalon.core.main.ScriptEngine.getScript(ScriptEngine.java:199)
	at com.kms.katalon.core.main.ScriptEngine.run(ScriptEngine.java:194)
	at com.kms.katalon.core.main.ScriptEngine.runScriptAsRawText(ScriptEngine.java:119)
	at com.kms.katalon.core.main.TestCaseExecutor.runScript(TestCaseExecutor.java:337)
	at com.kms.katalon.core.main.TestCaseExecutor.doExecute(TestCaseExecutor.java:328)
	at com.kms.katalon.core.main.TestCaseExecutor.processExecutionPhase(TestCaseExecutor.java:307)
	at com.kms.katalon.core.main.TestCaseExecutor.accessMainPhase(TestCaseExecutor.java:299)
	at com.kms.katalon.core.main.TestCaseExecutor.execute(TestCaseExecutor.java:233)
	at com.kms.katalon.core.main.TestSuiteExecutor.accessTestCaseMainPhase(TestSuiteExecutor.java:169)
	at com.kms.katalon.core.main.TestSuiteExecutor.accessTestSuiteMainPhase(TestSuiteExecutor.java:142)
	at com.kms.katalon.core.main.TestSuiteExecutor.execute(TestSuiteExecutor.java:91)
	at com.kms.katalon.core.main.TestCaseMain.startTestSuite(TestCaseMain.java:157)
	at com.kms.katalon.core.main.TestCaseMain$startTestSuite$0.call(Unknown Source)
	at TempTestSuite1590727617896.run(TempTestSuite1590727617896.groovy:37)]]></system-out>
         <system-err><![CDATA[2020-05-29 11:47:05 - [TEST_CASE][ERROR] - Test Cases/Testcase Login: Test Cases/Testcase Login FAILED.
Reason:
org.codehaus.groovy.control.MultipleCompilationErrorsException: startup failed:
file:/E:/KatalonTest/Scripts/Testcase%20Login/Script1590725752340.groovy: 29: The current scope already contains a variable of the name a
 @ line 29, column 2.
   }catch(Exception a){
    ^

file:/E:/KatalonTest/Scripts/Testcase%20Login/Script1590725752340.groovy: 28: unable to resolve class HttpTextBodyContent 
 @ line 28, column 25.
    request.setBodyContent(new HttpTextBodyContent(json.toString(), "application/json"))	
                           ^

2 errors

	at com.kms.katalon.core.main.ScriptEngine.getScript(ScriptEngine.java:199)
	at com.kms.katalon.core.main.ScriptEngine.run(ScriptEngine.java:194)
	at com.kms.katalon.core.main.ScriptEngine.runScriptAsRawText(ScriptEngine.java:119)
	at com.kms.katalon.core.main.TestCaseExecutor.runScript(TestCaseExecutor.java:337)
	at com.kms.katalon.core.main.TestCaseExecutor.doExecute(TestCaseExecutor.java:328)
	at com.kms.katalon.core.main.TestCaseExecutor.processExecutionPhase(TestCaseExecutor.java:307)
	at com.kms.katalon.core.main.TestCaseExecutor.accessMainPhase(TestCaseExecutor.java:299)
	at com.kms.katalon.core.main.TestCaseExecutor.execute(TestCaseExecutor.java:233)
	at com.kms.katalon.core.main.TestSuiteExecutor.accessTestCaseMainPhase(TestSuiteExecutor.java:169)
	at com.kms.katalon.core.main.TestSuiteExecutor.accessTestSuiteMainPhase(TestSuiteExecutor.java:142)
	at com.kms.katalon.core.main.TestSuiteExecutor.execute(TestSuiteExecutor.java:91)
	at com.kms.katalon.core.main.TestCaseMain.startTestSuite(TestCaseMain.java:157)
	at com.kms.katalon.core.main.TestCaseMain$startTestSuite$0.call(Unknown Source)
	at TempTestSuite1590727617896.run(TempTestSuite1590727617896.groovy:37)]]></system-err>
      </testcase>
      <testcase name="Test Cases/Testcase Login" time="0.423" classname="Test Cases/Testcase Login" status="ERROR">
         <error type="ERROR" message="Test Cases/Testcase Login FAILED.
Reason:
org.codehaus.groovy.control.MultipleCompilationErrorsException: startup failed:
file:/E:/KatalonTest/Scripts/Testcase%20Login/Script1590725752340.groovy: 29: The current scope already contains a variable of the name a
 @ line 29, column 2.
   }catch(Exception a){
    ^

file:/E:/KatalonTest/Scripts/Testcase%20Login/Script1590725752340.groovy: 28: unable to resolve class HttpTextBodyContent 
 @ line 28, column 25.
    request.setBodyContent(new HttpTextBodyContent(json.toString(), &quot;application/json&quot;))	
                           ^

2 errors

	at com.kms.katalon.core.main.ScriptEngine.getScript(ScriptEngine.java:199)
	at com.kms.katalon.core.main.ScriptEngine.run(ScriptEngine.java:194)
	at com.kms.katalon.core.main.ScriptEngine.runScriptAsRawText(ScriptEngine.java:119)
	at com.kms.katalon.core.main.TestCaseExecutor.runScript(TestCaseExecutor.java:337)
	at com.kms.katalon.core.main.TestCaseExecutor.doExecute(TestCaseExecutor.java:328)
	at com.kms.katalon.core.main.TestCaseExecutor.processExecutionPhase(TestCaseExecutor.java:307)
	at com.kms.katalon.core.main.TestCaseExecutor.accessMainPhase(TestCaseExecutor.java:299)
	at com.kms.katalon.core.main.TestCaseExecutor.execute(TestCaseExecutor.java:233)
	at com.kms.katalon.core.main.TestSuiteExecutor.accessTestCaseMainPhase(TestSuiteExecutor.java:169)
	at com.kms.katalon.core.main.TestSuiteExecutor.accessTestSuiteMainPhase(TestSuiteExecutor.java:142)
	at com.kms.katalon.core.main.TestSuiteExecutor.execute(TestSuiteExecutor.java:91)
	at com.kms.katalon.core.main.TestCaseMain.startTestSuite(TestCaseMain.java:157)
	at com.kms.katalon.core.main.TestCaseMain$startTestSuite$0.call(Unknown Source)
	at TempTestSuite1590727617896.run(TempTestSuite1590727617896.groovy:37)
"/>
         <system-out><![CDATA[2020-05-29 11:47:06 - [TEST_CASE][ERROR] - Test Cases/Testcase Login: Test Cases/Testcase Login FAILED.
Reason:
org.codehaus.groovy.control.MultipleCompilationErrorsException: startup failed:
file:/E:/KatalonTest/Scripts/Testcase%20Login/Script1590725752340.groovy: 29: The current scope already contains a variable of the name a
 @ line 29, column 2.
   }catch(Exception a){
    ^

file:/E:/KatalonTest/Scripts/Testcase%20Login/Script1590725752340.groovy: 28: unable to resolve class HttpTextBodyContent 
 @ line 28, column 25.
    request.setBodyContent(new HttpTextBodyContent(json.toString(), "application/json"))	
                           ^

2 errors

	at com.kms.katalon.core.main.ScriptEngine.getScript(ScriptEngine.java:199)
	at com.kms.katalon.core.main.ScriptEngine.run(ScriptEngine.java:194)
	at com.kms.katalon.core.main.ScriptEngine.runScriptAsRawText(ScriptEngine.java:119)
	at com.kms.katalon.core.main.TestCaseExecutor.runScript(TestCaseExecutor.java:337)
	at com.kms.katalon.core.main.TestCaseExecutor.doExecute(TestCaseExecutor.java:328)
	at com.kms.katalon.core.main.TestCaseExecutor.processExecutionPhase(TestCaseExecutor.java:307)
	at com.kms.katalon.core.main.TestCaseExecutor.accessMainPhase(TestCaseExecutor.java:299)
	at com.kms.katalon.core.main.TestCaseExecutor.execute(TestCaseExecutor.java:233)
	at com.kms.katalon.core.main.TestSuiteExecutor.accessTestCaseMainPhase(TestSuiteExecutor.java:169)
	at com.kms.katalon.core.main.TestSuiteExecutor.accessTestSuiteMainPhase(TestSuiteExecutor.java:142)
	at com.kms.katalon.core.main.TestSuiteExecutor.execute(TestSuiteExecutor.java:91)
	at com.kms.katalon.core.main.TestCaseMain.startTestSuite(TestCaseMain.java:157)
	at com.kms.katalon.core.main.TestCaseMain$startTestSuite$0.call(Unknown Source)
	at TempTestSuite1590727617896.run(TempTestSuite1590727617896.groovy:37)]]></system-out>
         <system-err><![CDATA[2020-05-29 11:47:06 - [TEST_CASE][ERROR] - Test Cases/Testcase Login: Test Cases/Testcase Login FAILED.
Reason:
org.codehaus.groovy.control.MultipleCompilationErrorsException: startup failed:
file:/E:/KatalonTest/Scripts/Testcase%20Login/Script1590725752340.groovy: 29: The current scope already contains a variable of the name a
 @ line 29, column 2.
   }catch(Exception a){
    ^

file:/E:/KatalonTest/Scripts/Testcase%20Login/Script1590725752340.groovy: 28: unable to resolve class HttpTextBodyContent 
 @ line 28, column 25.
    request.setBodyContent(new HttpTextBodyContent(json.toString(), "application/json"))	
                           ^

2 errors

	at com.kms.katalon.core.main.ScriptEngine.getScript(ScriptEngine.java:199)
	at com.kms.katalon.core.main.ScriptEngine.run(ScriptEngine.java:194)
	at com.kms.katalon.core.main.ScriptEngine.runScriptAsRawText(ScriptEngine.java:119)
	at com.kms.katalon.core.main.TestCaseExecutor.runScript(TestCaseExecutor.java:337)
	at com.kms.katalon.core.main.TestCaseExecutor.doExecute(TestCaseExecutor.java:328)
	at com.kms.katalon.core.main.TestCaseExecutor.processExecutionPhase(TestCaseExecutor.java:307)
	at com.kms.katalon.core.main.TestCaseExecutor.accessMainPhase(TestCaseExecutor.java:299)
	at com.kms.katalon.core.main.TestCaseExecutor.execute(TestCaseExecutor.java:233)
	at com.kms.katalon.core.main.TestSuiteExecutor.accessTestCaseMainPhase(TestSuiteExecutor.java:169)
	at com.kms.katalon.core.main.TestSuiteExecutor.accessTestSuiteMainPhase(TestSuiteExecutor.java:142)
	at com.kms.katalon.core.main.TestSuiteExecutor.execute(TestSuiteExecutor.java:91)
	at com.kms.katalon.core.main.TestCaseMain.startTestSuite(TestCaseMain.java:157)
	at com.kms.katalon.core.main.TestCaseMain$startTestSuite$0.call(Unknown Source)
	at TempTestSuite1590727617896.run(TempTestSuite1590727617896.groovy:37)]]></system-err>
      </testcase>
      <testcase name="Test Cases/Testcase Login" time="0.374" classname="Test Cases/Testcase Login" status="ERROR">
         <error type="ERROR" message="Test Cases/Testcase Login FAILED.
Reason:
org.codehaus.groovy.control.MultipleCompilationErrorsException: startup failed:
file:/E:/KatalonTest/Scripts/Testcase%20Login/Script1590725752340.groovy: 29: The current scope already contains a variable of the name a
 @ line 29, column 2.
   }catch(Exception a){
    ^

file:/E:/KatalonTest/Scripts/Testcase%20Login/Script1590725752340.groovy: 28: unable to resolve class HttpTextBodyContent 
 @ line 28, column 25.
    request.setBodyContent(new HttpTextBodyContent(json.toString(), &quot;application/json&quot;))	
                           ^

2 errors

	at com.kms.katalon.core.main.ScriptEngine.getScript(ScriptEngine.java:199)
	at com.kms.katalon.core.main.ScriptEngine.run(ScriptEngine.java:194)
	at com.kms.katalon.core.main.ScriptEngine.runScriptAsRawText(ScriptEngine.java:119)
	at com.kms.katalon.core.main.TestCaseExecutor.runScript(TestCaseExecutor.java:337)
	at com.kms.katalon.core.main.TestCaseExecutor.doExecute(TestCaseExecutor.java:328)
	at com.kms.katalon.core.main.TestCaseExecutor.processExecutionPhase(TestCaseExecutor.java:307)
	at com.kms.katalon.core.main.TestCaseExecutor.accessMainPhase(TestCaseExecutor.java:299)
	at com.kms.katalon.core.main.TestCaseExecutor.execute(TestCaseExecutor.java:233)
	at com.kms.katalon.core.main.TestSuiteExecutor.accessTestCaseMainPhase(TestSuiteExecutor.java:169)
	at com.kms.katalon.core.main.TestSuiteExecutor.accessTestSuiteMainPhase(TestSuiteExecutor.java:142)
	at com.kms.katalon.core.main.TestSuiteExecutor.execute(TestSuiteExecutor.java:91)
	at com.kms.katalon.core.main.TestCaseMain.startTestSuite(TestCaseMain.java:157)
	at com.kms.katalon.core.main.TestCaseMain$startTestSuite$0.call(Unknown Source)
	at TempTestSuite1590727617896.run(TempTestSuite1590727617896.groovy:37)
"/>
         <system-out><![CDATA[2020-05-29 11:47:06 - [TEST_CASE][ERROR] - Test Cases/Testcase Login: Test Cases/Testcase Login FAILED.
Reason:
org.codehaus.groovy.control.MultipleCompilationErrorsException: startup failed:
file:/E:/KatalonTest/Scripts/Testcase%20Login/Script1590725752340.groovy: 29: The current scope already contains a variable of the name a
 @ line 29, column 2.
   }catch(Exception a){
    ^

file:/E:/KatalonTest/Scripts/Testcase%20Login/Script1590725752340.groovy: 28: unable to resolve class HttpTextBodyContent 
 @ line 28, column 25.
    request.setBodyContent(new HttpTextBodyContent(json.toString(), "application/json"))	
                           ^

2 errors

	at com.kms.katalon.core.main.ScriptEngine.getScript(ScriptEngine.java:199)
	at com.kms.katalon.core.main.ScriptEngine.run(ScriptEngine.java:194)
	at com.kms.katalon.core.main.ScriptEngine.runScriptAsRawText(ScriptEngine.java:119)
	at com.kms.katalon.core.main.TestCaseExecutor.runScript(TestCaseExecutor.java:337)
	at com.kms.katalon.core.main.TestCaseExecutor.doExecute(TestCaseExecutor.java:328)
	at com.kms.katalon.core.main.TestCaseExecutor.processExecutionPhase(TestCaseExecutor.java:307)
	at com.kms.katalon.core.main.TestCaseExecutor.accessMainPhase(TestCaseExecutor.java:299)
	at com.kms.katalon.core.main.TestCaseExecutor.execute(TestCaseExecutor.java:233)
	at com.kms.katalon.core.main.TestSuiteExecutor.accessTestCaseMainPhase(TestSuiteExecutor.java:169)
	at com.kms.katalon.core.main.TestSuiteExecutor.accessTestSuiteMainPhase(TestSuiteExecutor.java:142)
	at com.kms.katalon.core.main.TestSuiteExecutor.execute(TestSuiteExecutor.java:91)
	at com.kms.katalon.core.main.TestCaseMain.startTestSuite(TestCaseMain.java:157)
	at com.kms.katalon.core.main.TestCaseMain$startTestSuite$0.call(Unknown Source)
	at TempTestSuite1590727617896.run(TempTestSuite1590727617896.groovy:37)]]></system-out>
         <system-err><![CDATA[2020-05-29 11:47:06 - [TEST_CASE][ERROR] - Test Cases/Testcase Login: Test Cases/Testcase Login FAILED.
Reason:
org.codehaus.groovy.control.MultipleCompilationErrorsException: startup failed:
file:/E:/KatalonTest/Scripts/Testcase%20Login/Script1590725752340.groovy: 29: The current scope already contains a variable of the name a
 @ line 29, column 2.
   }catch(Exception a){
    ^

file:/E:/KatalonTest/Scripts/Testcase%20Login/Script1590725752340.groovy: 28: unable to resolve class HttpTextBodyContent 
 @ line 28, column 25.
    request.setBodyContent(new HttpTextBodyContent(json.toString(), "application/json"))	
                           ^

2 errors

	at com.kms.katalon.core.main.ScriptEngine.getScript(ScriptEngine.java:199)
	at com.kms.katalon.core.main.ScriptEngine.run(ScriptEngine.java:194)
	at com.kms.katalon.core.main.ScriptEngine.runScriptAsRawText(ScriptEngine.java:119)
	at com.kms.katalon.core.main.TestCaseExecutor.runScript(TestCaseExecutor.java:337)
	at com.kms.katalon.core.main.TestCaseExecutor.doExecute(TestCaseExecutor.java:328)
	at com.kms.katalon.core.main.TestCaseExecutor.processExecutionPhase(TestCaseExecutor.java:307)
	at com.kms.katalon.core.main.TestCaseExecutor.accessMainPhase(TestCaseExecutor.java:299)
	at com.kms.katalon.core.main.TestCaseExecutor.execute(TestCaseExecutor.java:233)
	at com.kms.katalon.core.main.TestSuiteExecutor.accessTestCaseMainPhase(TestSuiteExecutor.java:169)
	at com.kms.katalon.core.main.TestSuiteExecutor.accessTestSuiteMainPhase(TestSuiteExecutor.java:142)
	at com.kms.katalon.core.main.TestSuiteExecutor.execute(TestSuiteExecutor.java:91)
	at com.kms.katalon.core.main.TestCaseMain.startTestSuite(TestCaseMain.java:157)
	at com.kms.katalon.core.main.TestCaseMain$startTestSuite$0.call(Unknown Source)
	at TempTestSuite1590727617896.run(TempTestSuite1590727617896.groovy:37)]]></system-err>
      </testcase>
      <system-out><![CDATA[2020-05-29 11:47:04 - [TEST_SUITE][ERROR] - Testsuite User: Test Cases/Testcase Login FAILED.
Reason:
org.codehaus.groovy.control.MultipleCompilationErrorsException: startup failed:
file:/E:/KatalonTest/Scripts/Testcase%20Login/Script1590725752340.groovy: 29: The current scope already contains a variable of the name a
 @ line 29, column 2.
   }catch(Exception a){
    ^

file:/E:/KatalonTest/Scripts/Testcase%20Login/Script1590725752340.groovy: 28: unable to resolve class HttpTextBodyContent 
 @ line 28, column 25.
    request.setBodyContent(new HttpTextBodyContent(json.toString(), "application/json"))	
                           ^

2 errors

	at com.kms.katalon.core.main.ScriptEngine.getScript(ScriptEngine.java:199)
	at com.kms.katalon.core.main.ScriptEngine.run(ScriptEngine.java:194)
	at com.kms.katalon.core.main.ScriptEngine.runScriptAsRawText(ScriptEngine.java:119)
	at com.kms.katalon.core.main.TestCaseExecutor.runScript(TestCaseExecutor.java:337)
	at com.kms.katalon.core.main.TestCaseExecutor.doExecute(TestCaseExecutor.java:328)
	at com.kms.katalon.core.main.TestCaseExecutor.processExecutionPhase(TestCaseExecutor.java:307)
	at com.kms.katalon.core.main.TestCaseExecutor.accessMainPhase(TestCaseExecutor.java:299)
	at com.kms.katalon.core.main.TestCaseExecutor.execute(TestCaseExecutor.java:233)
	at com.kms.katalon.core.main.TestSuiteExecutor.accessTestCaseMainPhase(TestSuiteExecutor.java:169)
	at com.kms.katalon.core.main.TestSuiteExecutor.accessTestSuiteMainPhase(TestSuiteExecutor.java:142)
	at com.kms.katalon.core.main.TestSuiteExecutor.execute(TestSuiteExecutor.java:91)
	at com.kms.katalon.core.main.TestCaseMain.startTestSuite(TestCaseMain.java:157)
	at com.kms.katalon.core.main.TestCaseMain$startTestSuite$0.call(Unknown Source)
	at TempTestSuite1590727617896.run(TempTestSuite1590727617896.groovy:37)]]></system-out>
      <system-err><![CDATA[2020-05-29 11:47:04 - [TEST_SUITE][ERROR] - Testsuite User: Test Cases/Testcase Login FAILED.
Reason:
org.codehaus.groovy.control.MultipleCompilationErrorsException: startup failed:
file:/E:/KatalonTest/Scripts/Testcase%20Login/Script1590725752340.groovy: 29: The current scope already contains a variable of the name a
 @ line 29, column 2.
   }catch(Exception a){
    ^

file:/E:/KatalonTest/Scripts/Testcase%20Login/Script1590725752340.groovy: 28: unable to resolve class HttpTextBodyContent 
 @ line 28, column 25.
    request.setBodyContent(new HttpTextBodyContent(json.toString(), "application/json"))	
                           ^

2 errors

	at com.kms.katalon.core.main.ScriptEngine.getScript(ScriptEngine.java:199)
	at com.kms.katalon.core.main.ScriptEngine.run(ScriptEngine.java:194)
	at com.kms.katalon.core.main.ScriptEngine.runScriptAsRawText(ScriptEngine.java:119)
	at com.kms.katalon.core.main.TestCaseExecutor.runScript(TestCaseExecutor.java:337)
	at com.kms.katalon.core.main.TestCaseExecutor.doExecute(TestCaseExecutor.java:328)
	at com.kms.katalon.core.main.TestCaseExecutor.processExecutionPhase(TestCaseExecutor.java:307)
	at com.kms.katalon.core.main.TestCaseExecutor.accessMainPhase(TestCaseExecutor.java:299)
	at com.kms.katalon.core.main.TestCaseExecutor.execute(TestCaseExecutor.java:233)
	at com.kms.katalon.core.main.TestSuiteExecutor.accessTestCaseMainPhase(TestSuiteExecutor.java:169)
	at com.kms.katalon.core.main.TestSuiteExecutor.accessTestSuiteMainPhase(TestSuiteExecutor.java:142)
	at com.kms.katalon.core.main.TestSuiteExecutor.execute(TestSuiteExecutor.java:91)
	at com.kms.katalon.core.main.TestCaseMain.startTestSuite(TestCaseMain.java:157)
	at com.kms.katalon.core.main.TestCaseMain$startTestSuite$0.call(Unknown Source)
	at TempTestSuite1590727617896.run(TempTestSuite1590727617896.groovy:37)]]></system-err>
   </testsuite>
</testsuites>
