<?xml version="1.0" encoding="UTF-8"?>
<testsuites name="TS_login test" time="1.295" tests="1" failures="0" errors="1">
   <testsuite name="TS_login test" tests="1" failures="0" errors="1" time="1.295" timestamp="2020-05-29 17:15:19" hostname="Admin - host.docker.internal" id="Test Suites/TS_login test">
      <properties>
         <property name="deviceName" value=""/>
         <property name="devicePlatform" value=""/>
         <property name="logFolder" value="E:\\katalon\\KatalonTest\\Reports\\20200529_171518\\TS_login test\\20200529_171518"/>
         <property name="logFiles" value="E:\\katalon\\KatalonTest\\Reports\\20200529_171518\\TS_login test\\20200529_171518\\execution0.log"/>
         <property name="attachments" value=""/>
         <property name="hostName" value="Admin - host.docker.internal"/>
         <property name="hostAddress" value="192.168.1.3"/>
         <property name="os" value="Windows 10 64bit"/>
         <property name="katalonVersion" value="7.0.1.1"/>
      </properties>
      <testcase name="Test Cases/Login/TC_Verify Login For All Cases" time="1.006" classname="Test Cases/Login/TC_Verify Login For All Cases" status="ERROR">
         <error type="ERROR" message="Test Cases/Login/TC_Verify Login For All Cases has ERROR(s).
Reason:
com.kms.katalon.core.exception.StepFailedException: Unable to open browser with url: 'https://hw02-mattermast-webapp-master.herokuapp.com/login'"/>
         <system-out><![CDATA[2020-05-29 17:15:20 - [TEST_CASE][ERROR] - Test Cases/Login/TC_Verify Login For All Cases: Test Cases/Login/TC_Verify Login For All Cases has ERROR(s).
Reason:
com.kms.katalon.core.exception.StepFailedException: Unable to open browser with url: 'https://hw02-mattermast-webapp-master.herokuapp.com/login'

2020-05-29 17:15:20 - [TEST_STEP][ERROR] - Start setup action : Setup: Error occurred when try to run method 'Setup' (Root cause: com.kms.katalon.core.exception.StepFailedException - com.kms.katalon.core.exception.StepFailedException: Unable to open browser with url: 'https://hw02-mattermast-webapp-master.herokuapp.com/login')

2020-05-29 17:15:20 - [TEST_STEP][FAILED] - openBrowser("https://hw02-mattermast-webapp-master.herokuapp.com/login"): Unable to open browser with url: 'https://hw02-mattermast-webapp-master.herokuapp.com/login' (Root cause: com.kms.katalon.core.exception.StepFailedException: Unable to open browser with url: 'https://hw02-mattermast-webapp-master.herokuapp.com/login'
	at com.kms.katalon.core.webui.keyword.internal.WebUIKeywordMain.stepFailed(WebUIKeywordMain.groovy:64)
	at com.kms.katalon.core.webui.keyword.internal.WebUIKeywordMain.runKeyword(WebUIKeywordMain.groovy:26)
	at com.kms.katalon.core.webui.keyword.builtin.OpenBrowserKeyword.openBrowser(OpenBrowserKeyword.groovy:81)
	at com.kms.katalon.core.webui.keyword.builtin.OpenBrowserKeyword.execute(OpenBrowserKeyword.groovy:67)
	at com.kms.katalon.core.keyword.internal.KeywordExecutor.executeKeywordForPlatform(KeywordExecutor.groovy:60)
	at com.kms.katalon.core.webui.keyword.WebUiBuiltInKeywords.openBrowser(WebUiBuiltInKeywords.groovy:60)
	at com.kms.katalon.core.webui.keyword.WebUiBuiltInKeywords$openBrowser.call(Unknown Source)
	at Script1590745370370.Setup(Script1590745370370.groovy:21)
	at com.kms.katalon.core.main.ScriptEngine.runScriptMethodAsRawText(ScriptEngine.java:133)
	at com.kms.katalon.core.main.TestCaseExecutor.runMethod(TestCaseExecutor.java:347)
	at com.kms.katalon.core.main.TestCaseExecutor.runMethod(TestCaseExecutor.java:460)
	at com.kms.katalon.core.main.TestCaseExecutor.internallyRunMethods(TestCaseExecutor.java:446)
	at com.kms.katalon.core.main.TestCaseExecutor.processSetupPhase(TestCaseExecutor.java:157)
	at com.kms.katalon.core.main.TestCaseExecutor.accessMainPhase(TestCaseExecutor.java:295)
	at com.kms.katalon.core.main.TestCaseExecutor.execute(TestCaseExecutor.java:233)
	at com.kms.katalon.core.main.TestSuiteExecutor.accessTestCaseMainPhase(TestSuiteExecutor.java:169)
	at com.kms.katalon.core.main.TestSuiteExecutor.accessTestSuiteMainPhase(TestSuiteExecutor.java:142)
	at com.kms.katalon.core.main.TestSuiteExecutor.execute(TestSuiteExecutor.java:91)
	at com.kms.katalon.core.main.TestCaseMain.startTestSuite(TestCaseMain.java:157)
	at com.kms.katalon.core.main.TestCaseMain$startTestSuite$0.call(Unknown Source)
	at TempTestSuite1590747318258.run(TempTestSuite1590747318258.groovy:36)
Caused by: org.openqa.selenium.WebDriverException: Cannot find firefox binary in PATH. Make sure firefox is installed. OS appears to be: WIN10
Build info: version: '3.141.59', revision: 'e82be7d358', time: '2018-11-14T08:25:53'
System info: host: 'DESKTOP-CUONG', ip: '192.168.1.3', os.name: 'Windows 10', os.arch: 'amd64', os.version: '10.0', java.version: '1.8.0_181'
Driver info: driver.version: CGeckoDriver
	at org.openqa.selenium.firefox.FirefoxBinary.<init>(FirefoxBinary.java:100)
	at org.openqa.selenium.firefox.FirefoxOptions.getBinary(FirefoxOptions.java:216)
	at org.openqa.selenium.firefox.FirefoxDriver.toExecutor(FirefoxDriver.java:187)
	at org.openqa.selenium.firefox.FirefoxDriver.<init>(FirefoxDriver.java:147)
	at com.kms.katalon.selenium.driver.CFirefoxDriver.<init>(CFirefoxDriver.java:21)
	at com.kms.katalon.core.webui.driver.firefox.CGeckoDriver.<init>(CGeckoDriver.java:12)
	at com.kms.katalon.core.webui.driver.firefox.CGeckoDriver.from(CGeckoDriver.java:17)
	at com.kms.katalon.core.webui.driver.DriverFactory.createNewFirefoxDriver(DriverFactory.java:558)
	at com.kms.katalon.core.webui.driver.DriverFactory.startNewBrowser(DriverFactory.java:299)
	at com.kms.katalon.core.webui.driver.DriverFactory.openWebDriver(DriverFactory.java:206)
	at com.kms.katalon.core.webui.keyword.builtin.OpenBrowserKeyword$_openBrowser_closure1.doCall(OpenBrowserKeyword.groovy:74)
	at com.kms.katalon.core.webui.keyword.builtin.OpenBrowserKeyword$_openBrowser_closure1.call(OpenBrowserKeyword.groovy)
	at com.kms.katalon.core.webui.keyword.internal.WebUIKeywordMain.runKeyword(WebUIKeywordMain.groovy:20)
	... 19 more
)

2020-05-29 17:15:20 - [MESSAGE][INFO] - Starting 'Firefox' driver

2020-05-29 17:15:21 - [MESSAGE][INFO] - Action delay is set to 0 seconds

2020-05-29 17:15:21 - [MESSAGE][FAILED] - Unable to open browser with url: 'https://hw02-mattermast-webapp-master.herokuapp.com/login' (Root cause: com.kms.katalon.core.exception.StepFailedException: Unable to open browser with url: 'https://hw02-mattermast-webapp-master.herokuapp.com/login'
	at com.kms.katalon.core.webui.keyword.internal.WebUIKeywordMain.stepFailed(WebUIKeywordMain.groovy:64)
	at com.kms.katalon.core.webui.keyword.internal.WebUIKeywordMain.runKeyword(WebUIKeywordMain.groovy:26)
	at com.kms.katalon.core.webui.keyword.builtin.OpenBrowserKeyword.openBrowser(OpenBrowserKeyword.groovy:81)
	at com.kms.katalon.core.webui.keyword.builtin.OpenBrowserKeyword.execute(OpenBrowserKeyword.groovy:67)
	at com.kms.katalon.core.keyword.internal.KeywordExecutor.executeKeywordForPlatform(KeywordExecutor.groovy:60)
	at com.kms.katalon.core.webui.keyword.WebUiBuiltInKeywords.openBrowser(WebUiBuiltInKeywords.groovy:60)
	at com.kms.katalon.core.webui.keyword.WebUiBuiltInKeywords$openBrowser.call(Unknown Source)
	at Script1590745370370.Setup(Script1590745370370.groovy:21)
	at com.kms.katalon.core.main.ScriptEngine.runScriptMethodAsRawText(ScriptEngine.java:133)
	at com.kms.katalon.core.main.TestCaseExecutor.runMethod(TestCaseExecutor.java:347)
	at com.kms.katalon.core.main.TestCaseExecutor.runMethod(TestCaseExecutor.java:460)
	at com.kms.katalon.core.main.TestCaseExecutor.internallyRunMethods(TestCaseExecutor.java:446)
	at com.kms.katalon.core.main.TestCaseExecutor.processSetupPhase(TestCaseExecutor.java:157)
	at com.kms.katalon.core.main.TestCaseExecutor.accessMainPhase(TestCaseExecutor.java:295)
	at com.kms.katalon.core.main.TestCaseExecutor.execute(TestCaseExecutor.java:233)
	at com.kms.katalon.core.main.TestSuiteExecutor.accessTestCaseMainPhase(TestSuiteExecutor.java:169)
	at com.kms.katalon.core.main.TestSuiteExecutor.accessTestSuiteMainPhase(TestSuiteExecutor.java:142)
	at com.kms.katalon.core.main.TestSuiteExecutor.execute(TestSuiteExecutor.java:91)
	at com.kms.katalon.core.main.TestCaseMain.startTestSuite(TestCaseMain.java:157)
	at com.kms.katalon.core.main.TestCaseMain$startTestSuite$0.call(Unknown Source)
	at TempTestSuite1590747318258.run(TempTestSuite1590747318258.groovy:36)
Caused by: org.openqa.selenium.WebDriverException: Cannot find firefox binary in PATH. Make sure firefox is installed. OS appears to be: WIN10
Build info: version: '3.141.59', revision: 'e82be7d358', time: '2018-11-14T08:25:53'
System info: host: 'DESKTOP-CUONG', ip: '192.168.1.3', os.name: 'Windows 10', os.arch: 'amd64', os.version: '10.0', java.version: '1.8.0_181'
Driver info: driver.version: CGeckoDriver
	at org.openqa.selenium.firefox.FirefoxBinary.<init>(FirefoxBinary.java:100)
	at org.openqa.selenium.firefox.FirefoxOptions.getBinary(FirefoxOptions.java:216)
	at org.openqa.selenium.firefox.FirefoxDriver.toExecutor(FirefoxDriver.java:187)
	at org.openqa.selenium.firefox.FirefoxDriver.<init>(FirefoxDriver.java:147)
	at com.kms.katalon.selenium.driver.CFirefoxDriver.<init>(CFirefoxDriver.java:21)
	at com.kms.katalon.core.webui.driver.firefox.CGeckoDriver.<init>(CGeckoDriver.java:12)
	at com.kms.katalon.core.webui.driver.firefox.CGeckoDriver.from(CGeckoDriver.java:17)
	at com.kms.katalon.core.webui.driver.DriverFactory.createNewFirefoxDriver(DriverFactory.java:558)
	at com.kms.katalon.core.webui.driver.DriverFactory.startNewBrowser(DriverFactory.java:299)
	at com.kms.katalon.core.webui.driver.DriverFactory.openWebDriver(DriverFactory.java:206)
	at com.kms.katalon.core.webui.keyword.builtin.OpenBrowserKeyword$_openBrowser_closure1.doCall(OpenBrowserKeyword.groovy:74)
	at com.kms.katalon.core.webui.keyword.builtin.OpenBrowserKeyword$_openBrowser_closure1.call(OpenBrowserKeyword.groovy)
	at com.kms.katalon.core.webui.keyword.internal.WebUIKeywordMain.runKeyword(WebUIKeywordMain.groovy:20)
	... 19 more
)

2020-05-29 17:15:21 - [MESSAGE][ERROR] - Error occurred when try to run method 'Setup' (Root cause: com.kms.katalon.core.exception.StepFailedException - com.kms.katalon.core.exception.StepFailedException: Unable to open browser with url: 'https://hw02-mattermast-webapp-master.herokuapp.com/login')

2020-05-29 17:15:21 - [TEST_STEP][PASSED] - Start tear down : Teardown: Method 'Teardown' complete successfully

2020-05-29 17:15:21 - [TEST_STEP][PASSED] - closeBrowser(): Browser is closed

2020-05-29 17:15:21 - [MESSAGE][PASSED] - Browser is closed

2020-05-29 17:15:21 - [MESSAGE][PASSED] - Method 'Teardown' complete successfully]]></system-out>
         <system-err><![CDATA[2020-05-29 17:15:20 - [TEST_CASE][ERROR] - Test Cases/Login/TC_Verify Login For All Cases: Test Cases/Login/TC_Verify Login For All Cases has ERROR(s).
Reason:
com.kms.katalon.core.exception.StepFailedException: Unable to open browser with url: 'https://hw02-mattermast-webapp-master.herokuapp.com/login']]></system-err>
      </testcase>
      <system-out><![CDATA[2020-05-29 17:15:19 - [TEST_SUITE][ERROR] - TS_login test: Test Cases/Login/TC_Verify Login For All Cases has ERROR(s).
Reason:
com.kms.katalon.core.exception.StepFailedException: Unable to open browser with url: 'https://hw02-mattermast-webapp-master.herokuapp.com/login']]></system-out>
      <system-err><![CDATA[2020-05-29 17:15:19 - [TEST_SUITE][ERROR] - TS_login test: Test Cases/Login/TC_Verify Login For All Cases has ERROR(s).
Reason:
com.kms.katalon.core.exception.StepFailedException: Unable to open browser with url: 'https://hw02-mattermast-webapp-master.herokuapp.com/login']]></system-err>
   </testsuite>
</testsuites>
