<?xml version="1.0" encoding="UTF-8"?>
<testsuites name="Testsuite User" time="1.5" tests="3" failures="0" errors="3">
   <testsuite name="Testsuite User" tests="3" failures="0" errors="3" time="1.5" timestamp="2020-05-29 14:36:05" hostname="Katamina - DESKTOP-7F1C33B" id="Test Suites/User/Testsuite User">
      <properties>
         <property name="deviceName" value=""/>
         <property name="devicePlatform" value=""/>
         <property name="logFolder" value="E:\\KatalonTest\\Reports\\20200529_143558\\User\\Testsuite User\\20200529_143558"/>
         <property name="logFiles" value="E:\\KatalonTest\\Reports\\20200529_143558\\User\\Testsuite User\\20200529_143558\\execution0.log"/>
         <property name="attachments" value=""/>
         <property name="hostName" value="Katamina - DESKTOP-7F1C33B"/>
         <property name="hostAddress" value="169.254.57.70"/>
         <property name="os" value="Windows 10 64bit"/>
         <property name="katalonVersion" value="7.5.2.1"/>
      </properties>
      <testcase name="Test Cases/Testcase Login" time="0.738" classname="Test Cases/Testcase Login" status="ERROR">
         <error type="ERROR" message="Test Cases/Testcase Login FAILED.
Reason:
groovy.lang.MissingPropertyException: No such property: detailMessage for class: java.lang.NullPointerException
	at Testcase Login.run(Testcase Login:32)
	at com.kms.katalon.core.main.ScriptEngine.run(ScriptEngine.java:194)
	at com.kms.katalon.core.main.ScriptEngine.runScriptAsRawText(ScriptEngine.java:119)
	at com.kms.katalon.core.main.TestCaseExecutor.runScript(TestCaseExecutor.java:337)
	at com.kms.katalon.core.main.TestCaseExecutor.doExecute(TestCaseExecutor.java:328)
	at com.kms.katalon.core.main.TestCaseExecutor.processExecutionPhase(TestCaseExecutor.java:307)
	at com.kms.katalon.core.main.TestCaseExecutor.accessMainPhase(TestCaseExecutor.java:299)
	at com.kms.katalon.core.main.TestCaseExecutor.execute(TestCaseExecutor.java:233)
	at com.kms.katalon.core.main.TestSuiteExecutor.accessTestCaseMainPhase(TestSuiteExecutor.java:169)
	at com.kms.katalon.core.main.TestSuiteExecutor.accessTestSuiteMainPhase(TestSuiteExecutor.java:142)
	at com.kms.katalon.core.main.TestSuiteExecutor.execute(TestSuiteExecutor.java:91)
	at com.kms.katalon.core.main.TestCaseMain.startTestSuite(TestCaseMain.java:157)
	at com.kms.katalon.core.main.TestCaseMain$startTestSuite$0.call(Unknown Source)
	at TempTestSuite1590737758420.run(TempTestSuite1590737758420.groovy:37)
"/>
         <system-out><![CDATA[2020-05-29 14:36:05 - [TEST_CASE][ERROR] - Test Cases/Testcase Login: Test Cases/Testcase Login FAILED.
Reason:
groovy.lang.MissingPropertyException: No such property: detailMessage for class: java.lang.NullPointerException
	at Testcase Login.run(Testcase Login:32)
	at com.kms.katalon.core.main.ScriptEngine.run(ScriptEngine.java:194)
	at com.kms.katalon.core.main.ScriptEngine.runScriptAsRawText(ScriptEngine.java:119)
	at com.kms.katalon.core.main.TestCaseExecutor.runScript(TestCaseExecutor.java:337)
	at com.kms.katalon.core.main.TestCaseExecutor.doExecute(TestCaseExecutor.java:328)
	at com.kms.katalon.core.main.TestCaseExecutor.processExecutionPhase(TestCaseExecutor.java:307)
	at com.kms.katalon.core.main.TestCaseExecutor.accessMainPhase(TestCaseExecutor.java:299)
	at com.kms.katalon.core.main.TestCaseExecutor.execute(TestCaseExecutor.java:233)
	at com.kms.katalon.core.main.TestSuiteExecutor.accessTestCaseMainPhase(TestSuiteExecutor.java:169)
	at com.kms.katalon.core.main.TestSuiteExecutor.accessTestSuiteMainPhase(TestSuiteExecutor.java:142)
	at com.kms.katalon.core.main.TestSuiteExecutor.execute(TestSuiteExecutor.java:91)
	at com.kms.katalon.core.main.TestCaseMain.startTestSuite(TestCaseMain.java:157)
	at com.kms.katalon.core.main.TestCaseMain$startTestSuite$0.call(Unknown Source)
	at TempTestSuite1590737758420.run(TempTestSuite1590737758420.groovy:37)


2020-05-29 14:36:06 - [TEST_STEP][PASSED] - request = findTestObject("Repository/User/LoginApi"): Test object with id 'Object Repository/Repository/User/LoginApi' does not exist

2020-05-29 14:36:06 - [MESSAGE][WARNING] - Test object with id 'Object Repository/Repository/User/LoginApi' does not exist

2020-05-29 14:36:06 - [TEST_STEP][PASSED] - json = new groovy.json.JsonBuilder(): null

2020-05-29 14:36:06 - [TEST_STEP][PASSED] - root = json.call(["login_id":username, "password":pass]): null

2020-05-29 14:36:06 - [TEST_STEP][PASSED] - println(json.toString()): null

2020-05-29 14:36:06 - [TEST_STEP][PASSED] - try: null

2020-05-29 14:36:06 - [TEST_STEP][PASSED] - request.setBodyContent(new com.kms.katalon.core.testobject.impl.HttpTextBodyContent(json.toString(), UTF-8, application/json)): null

2020-05-29 14:36:06 - [TEST_STEP][PASSED] - catch (Exception ex): null

2020-05-29 14:36:06 - [TEST_STEP][PASSED] - print(detailMessage): null]]></system-out>
         <system-err><![CDATA[2020-05-29 14:36:05 - [TEST_CASE][ERROR] - Test Cases/Testcase Login: Test Cases/Testcase Login FAILED.
Reason:
groovy.lang.MissingPropertyException: No such property: detailMessage for class: java.lang.NullPointerException
	at Testcase Login.run(Testcase Login:32)
	at com.kms.katalon.core.main.ScriptEngine.run(ScriptEngine.java:194)
	at com.kms.katalon.core.main.ScriptEngine.runScriptAsRawText(ScriptEngine.java:119)
	at com.kms.katalon.core.main.TestCaseExecutor.runScript(TestCaseExecutor.java:337)
	at com.kms.katalon.core.main.TestCaseExecutor.doExecute(TestCaseExecutor.java:328)
	at com.kms.katalon.core.main.TestCaseExecutor.processExecutionPhase(TestCaseExecutor.java:307)
	at com.kms.katalon.core.main.TestCaseExecutor.accessMainPhase(TestCaseExecutor.java:299)
	at com.kms.katalon.core.main.TestCaseExecutor.execute(TestCaseExecutor.java:233)
	at com.kms.katalon.core.main.TestSuiteExecutor.accessTestCaseMainPhase(TestSuiteExecutor.java:169)
	at com.kms.katalon.core.main.TestSuiteExecutor.accessTestSuiteMainPhase(TestSuiteExecutor.java:142)
	at com.kms.katalon.core.main.TestSuiteExecutor.execute(TestSuiteExecutor.java:91)
	at com.kms.katalon.core.main.TestCaseMain.startTestSuite(TestCaseMain.java:157)
	at com.kms.katalon.core.main.TestCaseMain$startTestSuite$0.call(Unknown Source)
	at TempTestSuite1590737758420.run(TempTestSuite1590737758420.groovy:37)]]></system-err>
      </testcase>
      <testcase name="Test Cases/Testcase Login" time="0.076" classname="Test Cases/Testcase Login" status="ERROR">
         <error type="ERROR" message="Test Cases/Testcase Login FAILED.
Reason:
groovy.lang.MissingPropertyException: No such property: detailMessage for class: java.lang.NullPointerException
	at Testcase Login.run(Testcase Login:32)
	at com.kms.katalon.core.main.ScriptEngine.run(ScriptEngine.java:194)
	at com.kms.katalon.core.main.ScriptEngine.runScriptAsRawText(ScriptEngine.java:119)
	at com.kms.katalon.core.main.TestCaseExecutor.runScript(TestCaseExecutor.java:337)
	at com.kms.katalon.core.main.TestCaseExecutor.doExecute(TestCaseExecutor.java:328)
	at com.kms.katalon.core.main.TestCaseExecutor.processExecutionPhase(TestCaseExecutor.java:307)
	at com.kms.katalon.core.main.TestCaseExecutor.accessMainPhase(TestCaseExecutor.java:299)
	at com.kms.katalon.core.main.TestCaseExecutor.execute(TestCaseExecutor.java:233)
	at com.kms.katalon.core.main.TestSuiteExecutor.accessTestCaseMainPhase(TestSuiteExecutor.java:169)
	at com.kms.katalon.core.main.TestSuiteExecutor.accessTestSuiteMainPhase(TestSuiteExecutor.java:142)
	at com.kms.katalon.core.main.TestSuiteExecutor.execute(TestSuiteExecutor.java:91)
	at com.kms.katalon.core.main.TestCaseMain.startTestSuite(TestCaseMain.java:157)
	at com.kms.katalon.core.main.TestCaseMain$startTestSuite$0.call(Unknown Source)
	at TempTestSuite1590737758420.run(TempTestSuite1590737758420.groovy:37)
"/>
         <system-out><![CDATA[2020-05-29 14:36:06 - [TEST_CASE][ERROR] - Test Cases/Testcase Login: Test Cases/Testcase Login FAILED.
Reason:
groovy.lang.MissingPropertyException: No such property: detailMessage for class: java.lang.NullPointerException
	at Testcase Login.run(Testcase Login:32)
	at com.kms.katalon.core.main.ScriptEngine.run(ScriptEngine.java:194)
	at com.kms.katalon.core.main.ScriptEngine.runScriptAsRawText(ScriptEngine.java:119)
	at com.kms.katalon.core.main.TestCaseExecutor.runScript(TestCaseExecutor.java:337)
	at com.kms.katalon.core.main.TestCaseExecutor.doExecute(TestCaseExecutor.java:328)
	at com.kms.katalon.core.main.TestCaseExecutor.processExecutionPhase(TestCaseExecutor.java:307)
	at com.kms.katalon.core.main.TestCaseExecutor.accessMainPhase(TestCaseExecutor.java:299)
	at com.kms.katalon.core.main.TestCaseExecutor.execute(TestCaseExecutor.java:233)
	at com.kms.katalon.core.main.TestSuiteExecutor.accessTestCaseMainPhase(TestSuiteExecutor.java:169)
	at com.kms.katalon.core.main.TestSuiteExecutor.accessTestSuiteMainPhase(TestSuiteExecutor.java:142)
	at com.kms.katalon.core.main.TestSuiteExecutor.execute(TestSuiteExecutor.java:91)
	at com.kms.katalon.core.main.TestCaseMain.startTestSuite(TestCaseMain.java:157)
	at com.kms.katalon.core.main.TestCaseMain$startTestSuite$0.call(Unknown Source)
	at TempTestSuite1590737758420.run(TempTestSuite1590737758420.groovy:37)


2020-05-29 14:36:06 - [TEST_STEP][PASSED] - request = findTestObject("Repository/User/LoginApi"): Test object with id 'Object Repository/Repository/User/LoginApi' does not exist

2020-05-29 14:36:06 - [MESSAGE][WARNING] - Test object with id 'Object Repository/Repository/User/LoginApi' does not exist

2020-05-29 14:36:06 - [TEST_STEP][PASSED] - json = new groovy.json.JsonBuilder(): null

2020-05-29 14:36:06 - [TEST_STEP][PASSED] - root = json.call(["login_id":username, "password":pass]): null

2020-05-29 14:36:06 - [TEST_STEP][PASSED] - println(json.toString()): null

2020-05-29 14:36:06 - [TEST_STEP][PASSED] - try: null

2020-05-29 14:36:06 - [TEST_STEP][PASSED] - request.setBodyContent(new com.kms.katalon.core.testobject.impl.HttpTextBodyContent(json.toString(), UTF-8, application/json)): null

2020-05-29 14:36:06 - [TEST_STEP][PASSED] - catch (Exception ex): null

2020-05-29 14:36:06 - [TEST_STEP][PASSED] - print(detailMessage): null]]></system-out>
         <system-err><![CDATA[2020-05-29 14:36:06 - [TEST_CASE][ERROR] - Test Cases/Testcase Login: Test Cases/Testcase Login FAILED.
Reason:
groovy.lang.MissingPropertyException: No such property: detailMessage for class: java.lang.NullPointerException
	at Testcase Login.run(Testcase Login:32)
	at com.kms.katalon.core.main.ScriptEngine.run(ScriptEngine.java:194)
	at com.kms.katalon.core.main.ScriptEngine.runScriptAsRawText(ScriptEngine.java:119)
	at com.kms.katalon.core.main.TestCaseExecutor.runScript(TestCaseExecutor.java:337)
	at com.kms.katalon.core.main.TestCaseExecutor.doExecute(TestCaseExecutor.java:328)
	at com.kms.katalon.core.main.TestCaseExecutor.processExecutionPhase(TestCaseExecutor.java:307)
	at com.kms.katalon.core.main.TestCaseExecutor.accessMainPhase(TestCaseExecutor.java:299)
	at com.kms.katalon.core.main.TestCaseExecutor.execute(TestCaseExecutor.java:233)
	at com.kms.katalon.core.main.TestSuiteExecutor.accessTestCaseMainPhase(TestSuiteExecutor.java:169)
	at com.kms.katalon.core.main.TestSuiteExecutor.accessTestSuiteMainPhase(TestSuiteExecutor.java:142)
	at com.kms.katalon.core.main.TestSuiteExecutor.execute(TestSuiteExecutor.java:91)
	at com.kms.katalon.core.main.TestCaseMain.startTestSuite(TestCaseMain.java:157)
	at com.kms.katalon.core.main.TestCaseMain$startTestSuite$0.call(Unknown Source)
	at TempTestSuite1590737758420.run(TempTestSuite1590737758420.groovy:37)]]></system-err>
      </testcase>
      <testcase name="Test Cases/Testcase Login" time="0.068" classname="Test Cases/Testcase Login" status="ERROR">
         <error type="ERROR" message="Test Cases/Testcase Login FAILED.
Reason:
groovy.lang.MissingPropertyException: No such property: detailMessage for class: java.lang.NullPointerException
	at Testcase Login.run(Testcase Login:32)
	at com.kms.katalon.core.main.ScriptEngine.run(ScriptEngine.java:194)
	at com.kms.katalon.core.main.ScriptEngine.runScriptAsRawText(ScriptEngine.java:119)
	at com.kms.katalon.core.main.TestCaseExecutor.runScript(TestCaseExecutor.java:337)
	at com.kms.katalon.core.main.TestCaseExecutor.doExecute(TestCaseExecutor.java:328)
	at com.kms.katalon.core.main.TestCaseExecutor.processExecutionPhase(TestCaseExecutor.java:307)
	at com.kms.katalon.core.main.TestCaseExecutor.accessMainPhase(TestCaseExecutor.java:299)
	at com.kms.katalon.core.main.TestCaseExecutor.execute(TestCaseExecutor.java:233)
	at com.kms.katalon.core.main.TestSuiteExecutor.accessTestCaseMainPhase(TestSuiteExecutor.java:169)
	at com.kms.katalon.core.main.TestSuiteExecutor.accessTestSuiteMainPhase(TestSuiteExecutor.java:142)
	at com.kms.katalon.core.main.TestSuiteExecutor.execute(TestSuiteExecutor.java:91)
	at com.kms.katalon.core.main.TestCaseMain.startTestSuite(TestCaseMain.java:157)
	at com.kms.katalon.core.main.TestCaseMain$startTestSuite$0.call(Unknown Source)
	at TempTestSuite1590737758420.run(TempTestSuite1590737758420.groovy:37)
"/>
         <system-out><![CDATA[2020-05-29 14:36:06 - [TEST_CASE][ERROR] - Test Cases/Testcase Login: Test Cases/Testcase Login FAILED.
Reason:
groovy.lang.MissingPropertyException: No such property: detailMessage for class: java.lang.NullPointerException
	at Testcase Login.run(Testcase Login:32)
	at com.kms.katalon.core.main.ScriptEngine.run(ScriptEngine.java:194)
	at com.kms.katalon.core.main.ScriptEngine.runScriptAsRawText(ScriptEngine.java:119)
	at com.kms.katalon.core.main.TestCaseExecutor.runScript(TestCaseExecutor.java:337)
	at com.kms.katalon.core.main.TestCaseExecutor.doExecute(TestCaseExecutor.java:328)
	at com.kms.katalon.core.main.TestCaseExecutor.processExecutionPhase(TestCaseExecutor.java:307)
	at com.kms.katalon.core.main.TestCaseExecutor.accessMainPhase(TestCaseExecutor.java:299)
	at com.kms.katalon.core.main.TestCaseExecutor.execute(TestCaseExecutor.java:233)
	at com.kms.katalon.core.main.TestSuiteExecutor.accessTestCaseMainPhase(TestSuiteExecutor.java:169)
	at com.kms.katalon.core.main.TestSuiteExecutor.accessTestSuiteMainPhase(TestSuiteExecutor.java:142)
	at com.kms.katalon.core.main.TestSuiteExecutor.execute(TestSuiteExecutor.java:91)
	at com.kms.katalon.core.main.TestCaseMain.startTestSuite(TestCaseMain.java:157)
	at com.kms.katalon.core.main.TestCaseMain$startTestSuite$0.call(Unknown Source)
	at TempTestSuite1590737758420.run(TempTestSuite1590737758420.groovy:37)


2020-05-29 14:36:06 - [TEST_STEP][PASSED] - request = findTestObject("Repository/User/LoginApi"): Test object with id 'Object Repository/Repository/User/LoginApi' does not exist

2020-05-29 14:36:06 - [MESSAGE][WARNING] - Test object with id 'Object Repository/Repository/User/LoginApi' does not exist

2020-05-29 14:36:06 - [TEST_STEP][PASSED] - json = new groovy.json.JsonBuilder(): null

2020-05-29 14:36:06 - [TEST_STEP][PASSED] - root = json.call(["login_id":username, "password":pass]): null

2020-05-29 14:36:06 - [TEST_STEP][PASSED] - println(json.toString()): null

2020-05-29 14:36:06 - [TEST_STEP][PASSED] - try: null

2020-05-29 14:36:06 - [TEST_STEP][PASSED] - request.setBodyContent(new com.kms.katalon.core.testobject.impl.HttpTextBodyContent(json.toString(), UTF-8, application/json)): null

2020-05-29 14:36:06 - [TEST_STEP][PASSED] - catch (Exception ex): null

2020-05-29 14:36:06 - [TEST_STEP][PASSED] - print(detailMessage): null]]></system-out>
         <system-err><![CDATA[2020-05-29 14:36:06 - [TEST_CASE][ERROR] - Test Cases/Testcase Login: Test Cases/Testcase Login FAILED.
Reason:
groovy.lang.MissingPropertyException: No such property: detailMessage for class: java.lang.NullPointerException
	at Testcase Login.run(Testcase Login:32)
	at com.kms.katalon.core.main.ScriptEngine.run(ScriptEngine.java:194)
	at com.kms.katalon.core.main.ScriptEngine.runScriptAsRawText(ScriptEngine.java:119)
	at com.kms.katalon.core.main.TestCaseExecutor.runScript(TestCaseExecutor.java:337)
	at com.kms.katalon.core.main.TestCaseExecutor.doExecute(TestCaseExecutor.java:328)
	at com.kms.katalon.core.main.TestCaseExecutor.processExecutionPhase(TestCaseExecutor.java:307)
	at com.kms.katalon.core.main.TestCaseExecutor.accessMainPhase(TestCaseExecutor.java:299)
	at com.kms.katalon.core.main.TestCaseExecutor.execute(TestCaseExecutor.java:233)
	at com.kms.katalon.core.main.TestSuiteExecutor.accessTestCaseMainPhase(TestSuiteExecutor.java:169)
	at com.kms.katalon.core.main.TestSuiteExecutor.accessTestSuiteMainPhase(TestSuiteExecutor.java:142)
	at com.kms.katalon.core.main.TestSuiteExecutor.execute(TestSuiteExecutor.java:91)
	at com.kms.katalon.core.main.TestCaseMain.startTestSuite(TestCaseMain.java:157)
	at com.kms.katalon.core.main.TestCaseMain$startTestSuite$0.call(Unknown Source)
	at TempTestSuite1590737758420.run(TempTestSuite1590737758420.groovy:37)]]></system-err>
      </testcase>
      <system-out><![CDATA[2020-05-29 14:36:05 - [TEST_SUITE][ERROR] - Testsuite User: Test Cases/Testcase Login FAILED.
Reason:
groovy.lang.MissingPropertyException: No such property: detailMessage for class: java.lang.NullPointerException
	at Testcase Login.run(Testcase Login:32)
	at com.kms.katalon.core.main.ScriptEngine.run(ScriptEngine.java:194)
	at com.kms.katalon.core.main.ScriptEngine.runScriptAsRawText(ScriptEngine.java:119)
	at com.kms.katalon.core.main.TestCaseExecutor.runScript(TestCaseExecutor.java:337)
	at com.kms.katalon.core.main.TestCaseExecutor.doExecute(TestCaseExecutor.java:328)
	at com.kms.katalon.core.main.TestCaseExecutor.processExecutionPhase(TestCaseExecutor.java:307)
	at com.kms.katalon.core.main.TestCaseExecutor.accessMainPhase(TestCaseExecutor.java:299)
	at com.kms.katalon.core.main.TestCaseExecutor.execute(TestCaseExecutor.java:233)
	at com.kms.katalon.core.main.TestSuiteExecutor.accessTestCaseMainPhase(TestSuiteExecutor.java:169)
	at com.kms.katalon.core.main.TestSuiteExecutor.accessTestSuiteMainPhase(TestSuiteExecutor.java:142)
	at com.kms.katalon.core.main.TestSuiteExecutor.execute(TestSuiteExecutor.java:91)
	at com.kms.katalon.core.main.TestCaseMain.startTestSuite(TestCaseMain.java:157)
	at com.kms.katalon.core.main.TestCaseMain$startTestSuite$0.call(Unknown Source)
	at TempTestSuite1590737758420.run(TempTestSuite1590737758420.groovy:37)]]></system-out>
      <system-err><![CDATA[2020-05-29 14:36:05 - [TEST_SUITE][ERROR] - Testsuite User: Test Cases/Testcase Login FAILED.
Reason:
groovy.lang.MissingPropertyException: No such property: detailMessage for class: java.lang.NullPointerException
	at Testcase Login.run(Testcase Login:32)
	at com.kms.katalon.core.main.ScriptEngine.run(ScriptEngine.java:194)
	at com.kms.katalon.core.main.ScriptEngine.runScriptAsRawText(ScriptEngine.java:119)
	at com.kms.katalon.core.main.TestCaseExecutor.runScript(TestCaseExecutor.java:337)
	at com.kms.katalon.core.main.TestCaseExecutor.doExecute(TestCaseExecutor.java:328)
	at com.kms.katalon.core.main.TestCaseExecutor.processExecutionPhase(TestCaseExecutor.java:307)
	at com.kms.katalon.core.main.TestCaseExecutor.accessMainPhase(TestCaseExecutor.java:299)
	at com.kms.katalon.core.main.TestCaseExecutor.execute(TestCaseExecutor.java:233)
	at com.kms.katalon.core.main.TestSuiteExecutor.accessTestCaseMainPhase(TestSuiteExecutor.java:169)
	at com.kms.katalon.core.main.TestSuiteExecutor.accessTestSuiteMainPhase(TestSuiteExecutor.java:142)
	at com.kms.katalon.core.main.TestSuiteExecutor.execute(TestSuiteExecutor.java:91)
	at com.kms.katalon.core.main.TestCaseMain.startTestSuite(TestCaseMain.java:157)
	at com.kms.katalon.core.main.TestCaseMain$startTestSuite$0.call(Unknown Source)
	at TempTestSuite1590737758420.run(TempTestSuite1590737758420.groovy:37)]]></system-err>
   </testsuite>
</testsuites>
